<?xml version="1.0" encoding="UTF-8"?>
<testng-results skipped="0" failed="0" total="1" passed="1">
  <reporter-output>
  </reporter-output>
  <suite name="Sample Test Suite" duration-ms="42722" started-at="2016-05-24T13:49:09Z" finished-at="2016-05-24T13:49:52Z">
    <groups>
    </groups>
    <test name="Method Test Cases" duration-ms="42722" started-at="2016-05-24T13:49:09Z" finished-at="2016-05-24T13:49:52Z">
      <class name="htmldriver.phantom">
        <test-method status="PASS" signature="browser()[pri:0, instance:htmldriver.phantom@d2cc05a]" name="browser" duration-ms="42690" started-at="2016-05-24T19:19:09Z" finished-at="2016-05-24T19:19:52Z">
          <reporter-output>
          </reporter-output>
        </test-method> <!-- browser -->
      </class> <!-- htmldriver.phantom -->
    </test> <!-- Method Test Cases -->
  </suite> <!-- Sample Test Suite -->
</testng-results>
